<?xml version="1.0" encoding="UTF-8"?>
<testsuite name="com.example.onboarding.alldata.validator.StudentValidatorTest" tests="1" skipped="0" failures="0" errors="0" timestamp="2024-12-16T07:43:23" hostname="WONIEui-MacBookPro.local" time="0.121">
  <properties/>
  <testcase name="testValidateSugangOrDrop_WithStatusDrop_ThrowCustomException()" classname="com.example.onboarding.alldata.validator.StudentValidatorTest" time="0.121"/>
  <system-out><![CDATA[]]></system-out>
  <system-err><![CDATA[]]></system-err>
</testsuite>
